Usage: ./mm-row <size> <threads>
Matrix multiplication of size 1024 using 20 threads
i,k: 0,0 
i,j: 0,0 
j,k: 0,0 
i,k: 0,1 
i,j: 0,0 
j,k: 0,1 
i,k: 0,2 
i,j: 0,0 
j,k: 0,2 
i,k: 0,3 
i,j: 0,0 
j,k: 0,3 
i,k: 0,4 
i,j: 0,0 
j,k: 0,4 
i,k: 0,5 
i,j: 0,0 
j,k: 0,5 
i,k: 0,6 
i,j: 0,0 
j,k: 0,6 
i,k: 0,7 
i,j: 0,0 
j,k: 0,7 
i,k: 0,8 
i,j: 0,0 
j,k: 0,8 
i,k: 0,9 
i,j: 0,0 
j,k: 0,9 
i,k: 0,10 
i,j: 0,0 
j,k: 0,10 
i,k: 0,11 
i,j: 0,0 
j,k: 0,11 
i,k: 0,12 
i,j: 0,0 
j,k: 0,12 
i,k: 0,13 
i,j: 0,0 
j,k: 0,13 
i,k: 0,14 
i,j: 0,0 
j,k: 0,14 
i,k: 0,15 
i,j: 0,0 
j,k: 0,15 
i,k: 0,16 
i,j: 0,0 
j,k: 0,16 
i,k: 0,17 
i,j: 0,0 
j,k: 0,17 
i,k: 0,18 
i,j: 0,0 
j,k: 0,18 
i,k: 0,19 
i,j: 0,0 
j,k: 0,19 
i,k: 0,20 
i,j: 0,0 
j,k: 0,20 
i,k: 0,21 
i,j: 0,0 
j,k: 0,21 
i,k: 0,22 
i,j: 0,0 
j,k: 0,22 
i,k: 0,23 
i,j: 0,0 
j,k: 0,23 
i,k: 0,24 
i,j: 0,0 
j,k: 0,24 
i,k: 0,25 
i,j: 0,0 
j,k: 0,25 
i,k: 0,26 
i,j: 0,0 
j,k: 0,26 
i,k: 0,27 
i,j: 0,0 
j,k: 0,27 
i,k: 0,28 
i,j: 0,0 
j,k: 0,28 
i,k: 0,29 
i,j: 0,0 
j,k: 0,29 
i,k: 0,30 
i,j: 0,0 
j,k: 0,30 
i,k: 0,31 
i,j: 0,0 
j,k: 0,31 
i,k: 0,32 
i,j: 0,0 
j,k: 0,32 
i,k: 0,33 
i,j: 0,0 
j,k: 0,33 
i,k: 0,34 
i,j: 0,0 
j,k: 0,34 
i,k: 0,35 
i,j: 0,0 
j,k: 0,35 
i,k: 0,36 
i,j: 0,0 
j,k: 0,36 
i,k: 0,37 
i,j: 0,0 
j,k: 0,37 
i,k: 0,38 
i,j: 0,0 
j,k: 0,38 
i,k: 0,39 
i,j: 0,0 
j,k: 0,39 
i,k: 0,40 
i,j: 0,0 
j,k: 0,40 
i,k: 0,41 
i,j: 0,0 
j,k: 0,41 
i,k: 0,42 
i,j: 0,0 
j,k: 0,42 
i,k: 0,43 
i,j: 0,0 
j,k: 0,43 
i,k: 0,44 
i,j: 0,0 
j,k: 0,44 
i,k: 0,45 
i,j: 0,0 
j,k: 0,45 
i,k: 0,46 
i,j: 0,0 
j,k: 0,46 
i,k: 0,47 
i,j: 0,0 
j,k: 0,47 
i,k: 0,48 
i,j: 0,0 
j,k: 0,48 
i,k: 0,49 
i,j: 0,0 
j,k: 0,49 
i,k: 0,50 
i,j: 0,0 
j,k: 0,50 
i,k: 0,51 
i,j: 0,0 
j,k: 0,51 
i,k: 0,52 
i,j: 0,0 
j,k: 0,52 
i,k: 0,53 
i,j: 0,0 
j,k: 0,53 
i,k: 0,54 
i,j: 0,0 
j,k: 0,54 
i,k: 0,55 
i,j: 0,0 
j,k: 0,55 
i,k: 0,56 
i,j: 0,0 
j,k: 0,56 
i,k: 0,57 
i,j: 0,0 
j,k: 0,57 
i,k: 0,58 
i,j: 0,0 
j,k: 0,58 
i,k: 0,59 
i,j: 0,0 
j,k: 0,59 
i,k: 0,60 
i,j: 0,0 
j,k: 0,60 
i,k: 0,61 
i,j: 0,0 
j,k: 0,61 
i,k: 0,62 
i,j: 0,0 
j,k: 0,62 
i,k: 0,63 
i,j: 0,0 
j,k: 0,63 
i,k: 0,64 
i,j: 0,0 
j,k: 0,64 
i,k: 0,65 
i,j: 0,0 
j,k: 0,65 
i,k: 0,66 
i,j: 0,0 
j,k: 0,66 
i,k: 0,67 
i,j: 0,0 
j,k: 0,67 
i,k: 0,68 
i,j: 0,0 
j,k: 0,68 
i,k: 0,69 
i,j: 0,0 
j,k: 0,69 
i,k: 0,70 
i,j: 0,0 
j,k: 0,70 
i,k: 0,71 
i,j: 0,0 
j,k: 0,71 
i,k: 0,72 
i,j: 0,0 
j,k: 0,72 
i,k: 0,73 
i,j: 0,0 
j,k: 0,73 
i,k: 0,74 
i,j: 0,0 
j,k: 0,74 
i,k: 0,75 
i,j: 0,0 
j,k: 0,75 
i,k: 0,76 
i,j: 0,0 
j,k: 0,76 
i,k: 0,77 
i,j: 0,0 
j,k: 0,77 
i,k: 0,78 
i,j: 0,0 
j,k: 0,78 
i,k: 0,79 
i,j: 0,0 
j,k: 0,79 
i,k: 0,80 
i,j: 0,0 
j,k: 0,80 
i,k: 0,81 
i,j: 0,0 
j,k: 0,81 
i,k: 0,82 
i,j: 0,0 
j,k: 0,82 
i,k: 0,83 
i,j: 0,0 
j,k: 0,83 
i,k: 0,84 
i,j: 0,0 
j,k: 0,84 
i,k: 0,85 
i,j: 0,0 
j,k: 0,85 
i,k: 0,86 
i,j: 0,0 
j,k: 0,86 
i,k: 0,87 
i,j: 0,0 
j,k: 0,87 
i,k: 0,88 
i,j: 0,0 
j,k: 0,88 
i,k: 0,89 
i,j: 0,0 
j,k: 0,89 
i,k: 0,90 
i,j: 0,0 
j,k: 0,90 
i,k: 0,91 
i,j: 0,0 
j,k: 0,91 
i,k: 0,92 
i,j: 0,0 
j,k: 0,92 
i,k: 0,93 
i,j: 0,0 
j,k: 0,93 
i,k: 0,94 
i,j: 0,0 
j,k: 0,94 
i,k: 0,95 
i,j: 0,0 
j,k: 0,95 
i,k: 0,96 
i,j: 0,0 
j,k: 0,96 
i,k: 0,97 
i,j: 0,0 
j,k: 0,97 
i,k: 0,98 
i,j: 0,0 
j,k: 0,98 
i,k: 0,99 
i,j: 0,0 
j,k: 0,99 
i,k: 0,100 
i,j: 0,0 
j,k: 0,100 
i,k: 0,101 
i,j: 0,0 
j,k: 0,101 
i,k: 0,102 
i,j: 0,0 
j,k: 0,102 
i,k: 0,103 
i,j: 0,0 
j,k: 0,103 
i,k: 0,104 
i,j: 0,0 
j,k: 0,104 
i,k: 0,105 
i,j: 0,0 
j,k: 0,105 
i,k: 0,106 
i,j: 0,0 
j,k: 0,106 
i,k: 0,107 
i,j: 0,0 
j,k: 0,107 
i,k: 0,108 
i,j: 0,0 
j,k: 0,108 
i,k: 0,109 
i,j: 0,0 
j,k: 0,109 
i,k: 0,110 
i,j: 0,0 
j,k: 0,110 
i,k: 0,111 
i,j: 0,0 
j,k: 0,111 
i,k: 0,112 
i,j: 0,0 
j,k: 0,112 
i,k: 0,113 
i,j: 0,0 
j,k: 0,113 
i,k: 0,114 
i,j: 0,0 
j,k: 0,114 
i,k: 0,115 
i,j: 0,0 
j,k: 0,115 
i,k: 0,116 
i,j: 0,0 
j,k: 0,116 
i,k: 0,117 
i,j: 0,0 
j,k: 0,117 
i,k: 0,118 
i,j: 0,0 
j,k: 0,118 
i,k: 0,119 
i,j: 0,0 
j,k: 0,119 
i,k: 0,120 
i,j: 0,0 
j,k: 0,120 
i,k: 0,121 
i,j: 0,0 
j,k: 0,121 
i,k: 0,122 
i,j: 0,0 
j,k: 0,122 
i,k: 0,123 
i,j: 0,0 
j,k: 0,123 
i,k: 0,124 
i,j: 0,0 
j,k: 0,124 
i,k: 0,125 
i,j: 0,0 
j,k: 0,125 
i,k: 0,126 
i,j: 0,0 
j,k: 0,126 
i,k: 0,127 
i,j: 0,0 
j,k: 0,127 
i,k: 0,128 
i,j: 0,0 
j,k: 0,128 
i,k: 0,129 
i,j: 0,0 
j,k: 0,129 
i,k: 0,130 
i,j: 0,0 
j,k: 0,130 
i,k: 0,131 
i,j: 0,0 
j,k: 0,131 
i,k: 0,132 
i,j: 0,0 
j,k: 0,132 
i,k: 0,133 
i,j: 0,0 
j,k: 0,133 
i,k: 0,134 
i,j: 0,0 
j,k: 0,134 
i,k: 0,135 
i,j: 0,0 
j,k: 0,135 
i,k: 0,136 
i,j: 0,0 
j,k: 0,136 
i,k: 0,137 
i,j: 0,0 
j,k: 0,137 
i,k: 0,138 
i,j: 0,0 
j,k: 0,138 
i,k: 0,139 
i,j: 0,0 
j,k: 0,139 
i,k: 0,140 
i,j: 0,0 
j,k: 0,140 
i,k: 0,141 
i,j: 0,0 
j,k: 0,141 
i,k: 0,142 
i,j: 0,0 
j,k: 0,142 
i,k: 0,143 
i,j: 0,0 
j,k: 0,143 
i,k: 0,144 
i,j: 0,0 
j,k: 0,144 
i,k: 0,145 
i,j: 0,0 
j,k: 0,145 
i,k: 0,146 
i,j: 0,0 
j,k: 0,146 
i,k: 0,147 
i,j: 0,0 
j,k: 0,147 
i,k: 0,148 
i,j: 0,0 
j,k: 0,148 
i,k: 0,149 
i,j: 0,0 
j,k: 0,149 
i,k: 0,150 
i,j: 0,0 
j,k: 0,150 
i,k: 0,151 
i,j: 0,0 
j,k: 0,151 
i,k: 0,152 
i,j: 0,0 
j,k: 0,152 
i,k: 0,153 
i,j: 0,0 
j,k: 0,153 
i,k: 0,154 
i,j: 0,0 
j,k: 0,154 
i,k: 0,155 
i,j: 0,0 
j,k: 0,155 
i,k: 0,156 
i,j: 0,0 
j,k: 0,156 
i,k: 0,157 
i,j: 0,0 
j,k: 0,157 
i,k: 0,158 
i,j: 0,0 
j,k: 0,158 
i,k: 0,159 
i,j: 0,0 
j,k: 0,159 
i,k: 0,160 
i,j: 0,0 
j,k: 0,160 
i,k: 0,161 
i,j: 0,0 
j,k: 0,161 
i,k: 0,162 
i,j: 0,0 
j,k: 0,162 
i,k: 0,163 
i,j: 0,0 
j,k: 0,163 
i,k: 0,164 
i,j: 0,0 
j,k: 0,164 
i,k: 0,165 
i,j: 0,0 
j,k: 0,165 
i,k: 0,166 
i,j: 0,0 
j,k: 0,166 
i,k: 0,167 
i,j: 0,0 
j,k: 0,167 
i,k: 0,168 
i,j: 0,0 
j,k: 0,168 
i,k: 0,169 
i,j: 0,0 
j,k: 0,169 
i,k: 0,170 
i,j: 0,0 
j,k: 0,170 
i,k: 0,171 
i,j: 0,0 
j,k: 0,171 
i,k: 0,172 
i,j: 0,0 
j,k: 0,172 
i,k: 0,173 
i,j: 0,0 
j,k: 0,173 
i,k: 0,174 
i,j: 0,0 
j,k: 0,174 
i,k: 0,175 
i,j: 0,0 
j,k: 0,175 
i,k: 0,176 
i,j: 0,0 
j,k: 0,176 
i,k: 0,177 
i,j: 0,0 
j,k: 0,177 
i,k: 0,178 
i,j: 0,0 
j,k: 0,178 
i,k: 0,179 
i,j: 0,0 
j,k: 0,179 
i,k: 0,180 
i,j: 0,0 
j,k: 0,180 
i,k: 0,181 
i,j: 0,0 
j,k: 0,181 
i,k: 0,182 
i,j: 0,0 
j,k: 0,182 
i,k: 0,183 
i,j: 0,0 
j,k: 0,183 
i,k: 0,184 
i,j: 0,0 
j,k: 0,184 
i,k: 0,185 
i,j: 0,0 
j,k: 0,185 
i,k: 0,186 
i,j: 0,0 
j,k: 0,186 
i,k: 0,187 
i,j: 0,0 
j,k: 0,187 
i,k: 0,188 
i,j: 0,0 
j,k: 0,188 
i,k: 0,189 
i,j: 0,0 
j,k: 0,189 
i,k: 0,190 
i,j: 0,0 
j,k: 0,190 
i,k: 0,191 
i,j: 0,0 
j,k: 0,191 
i,k: 0,192 
i,j: 0,0 
j,k: 0,192 
i,k: 0,193 
i,j: 0,0 
j,k: 0,193 
i,k: 0,194 
i,j: 0,0 
j,k: 0,194 
i,k: 0,195 
i,j: 0,0 
j,k: 0,195 
i,k: 0,196 
i,j: 0,0 
j,k: 0,196 
i,k: 0,197 
i,j: 0,0 
j,k: 0,197 
i,k: 0,198 
i,j: 0,0 
j,k: 0,198 
i,k: 0,199 
i,j: 0,0 
j,k: 0,199 
i,k: 0,200 
i,j: 0,0 
j,k: 0,200 
i,k: 0,201 
i,j: 0,0 
j,k: 0,201 
i,k: 0,202 
i,j: 0,0 
j,k: 0,202 
i,k: 0,203 
i,j: 0,0 
j,k: 0,203 
i,k: 0,204 
i,j: 0,0 
j,k: 0,204 
i,k: 0,205 
i,j: 0,0 
j,k: 0,205 
i,k: 0,206 
i,j: 0,0 
j,k: 0,206 
i,k: 0,207 
i,j: 0,0 
j,k: 0,207 
i,k: 0,208 
i,j: 0,0 
j,k: 0,208 
i,k: 0,209 
i,j: 0,0 
j,k: 0,209 
i,k: 0,210 
i,j: 0,0 
j,k: 0,210 
i,k: 0,211 
i,j: 0,0 
j,k: 0,211 
i,k: 0,212 
i,j: 0,0 
j,k: 0,212 
i,k: 0,213 
i,j: 0,0 
j,k: 0,213 
i,k: 0,214 
i,j: 0,0 
j,k: 0,214 
i,k: 0,215 
i,j: 0,0 
j,k: 0,215 
i,k: 0,216 
i,j: 0,0 
j,k: 0,216 
i,k: 0,217 
i,j: 0,0 
j,k: 0,217 
i,k: 0,218 
i,j: 0,0 
j,k: 0,218 
i,k: 0,219 
i,j: 0,0 
j,k: 0,219 
i,k: 0,220 
i,j: 0,0 
j,k: 0,220 
i,k: 0,221 
i,j: 0,0 
j,k: 0,221 
i,k: 0,222 
i,j: 0,0 
j,k: 0,222 
i,k: 0,223 
i,j: 0,0 
j,k: 0,223 
i,k: 0,224 
i,j: 0,0 
j,k: 0,224 
i,k: 0,225 
i,j: 0,0 
j,k: 0,225 
i,k: 0,226 
i,j: 0,0 
j,k: 0,226 
i,k: 0,227 
i,j: 0,0 
j,k: 0,227 
i,k: 0,228 
i,j: 0,0 
j,k: 0,228 
i,k: 0,229 
i,j: 0,0 
j,k: 0,229 
i,k: 0,230 
i,j: 0,0 
j,k: 0,230 
i,k: 0,231 
i,j: 0,0 
j,k: 0,231 
i,k: 0,232 
i,j: 0,0 
j,k: 0,232 
i,k: 0,233 
i,j: 0,0 
j,k: 0,233 
i,k: 0,234 
i,j: 0,0 
j,k: 0,234 
i,k: 0,235 
i,j: 0,0 
j,k: 0,235 
i,k: 0,236 
i,j: 0,0 
j,k: 0,236 
i,k: 0,237 
i,j: 0,0 
j,k: 0,237 
i,k: 0,238 
i,j: 0,0 
j,k: 0,238 
i,k: 0,239 
i,j: 0,0 
j,k: 0,239 
i,k: 0,240 
i,j: 0,0 
j,k: 0,240 
i,k: 0,241 
i,j: 0,0 
j,k: 0,241 
i,k: 0,242 
i,j: 0,0 
j,k: 0,242 
i,k: 0,243 
i,j: 0,0 
j,k: 0,243 
i,k: 0,244 
i,j: 0,0 
j,k: 0,244 
i,k: 0,245 
i,j: 0,0 
j,k: 0,245 
i,k: 0,246 
i,j: 0,0 
j,k: 0,246 
i,k: 0,247 
i,j: 0,0 
j,k: 0,247 
i,k: 0,248 
i,j: 0,0 
j,k: 0,248 
i,k: 0,249 
i,j: 0,0 
j,k: 0,249 
i,k: 0,250 
i,j: 0,0 
j,k: 0,250 
i,k: 0,251 
i,j: 0,0 
j,k: 0,251 
i,k: 0,252 
i,j: 0,0 
j,k: 0,252 
i,k: 0,253 
i,j: 0,0 
j,k: 0,253 
i,k: 0,254 
i,j: 0,0 
j,k: 0,254 
i,k: 0,255 
i,j: 0,0 
j,k: 0,255 
i,k: 0,256 
i,j: 0,0 
j,k: 0,256 
i,k: 0,257 
i,j: 0,0 
j,k: 0,257 
i,k: 0,258 
i,j: 0,0 
j,k: 0,258 
i,k: 0,259 
i,j: 0,0 
j,k: 0,259 
i,k: 0,260 
i,j: 0,0 
j,k: 0,260 
i,k: 0,261 
i,j: 0,0 
j,k: 0,261 
i,k: 0,262 
i,j: 0,0 
j,k: 0,262 
i,k: 0,263 
i,j: 0,0 
j,k: 0,263 
i,k: 0,264 
i,j: 0,0 
j,k: 0,264 
i,k: 0,265 
i,j: 0,0 
j,k: 0,265 
i,k: 0,266 
i,j: 0,0 
j,k: 0,266 
i,k: 0,267 
i,j: 0,0 
j,k: 0,267 
i,k: 0,268 
i,j: 0,0 
j,k: 0,268 
i,k: 0,269 
i,j: 0,0 
j,k: 0,269 
i,k: 0,270 
i,j: 0,0 
j,k: 0,270 
i,k: 0,271 
i,j: 0,0 
j,k: 0,271 
i,k: 0,272 
i,j: 0,0 
j,k: 0,272 
i,k: 0,273 
i,j: 0,0 
j,k: 0,273 
i,k: 0,274 
i,j: 0,0 
j,k: 0,274 
i,k: 0,275 
i,j: 0,0 
j,k: 0,275 
i,k: 0,276 
i,j: 0,0 
j,k: 0,276 
i,k: 0,277 
i,j: 0,0 
j,k: 0,277 
i,k: 0,278 
i,j: 0,0 
j,k: 0,278 
i,k: 0,279 
i,j: 0,0 
j,k: 0,279 
i,k: 0,280 
i,j: 0,0 
j,k: 0,280 
i,k: 0,281 
i,j: 0,0 
j,k: 0,281 
i,k: 0,282 
i,j: 0,0 
j,k: 0,282 
i,k: 0,283 
i,j: 0,0 
j,k: 0,283 
i,k: 0,284 
i,j: 0,0 
j,k: 0,284 
i,k: 0,285 
i,j: 0,0 
j,k: 0,285 
i,k: 0,286 
i,j: 0,0 
j,k: 0,286 
i,k: 0,287 
i,j: 0,0 
j,k: 0,287 
i,k: 0,288 
i,j: 0,0 
j,k: 0,288 
i,k: 0,289 
i,j: 0,0 
j,k: 0,289 
i,k: 0,290 
i,j: 0,0 
j,k: 0,290 
i,k: 0,291 
i,j: 0,0 
j,k: 0,291 
i,k: 0,292 
i,j: 0,0 
j,k: 0,292 
i,k: 0,293 
i,j: 0,0 
j,k: 0,293 
i,k: 0,294 
i,j: 0,0 
j,k: 0,294 
i,k: 0,295 
i,j: 0,0 
j,k: 0,295 
i,k: 0,296 
i,j: 0,0 
j,k: 0,296 
i,k: 0,297 
i,j: 0,0 
j,k: 0,297 
i,k: 0,298 
i,j: 0,0 
j,k: 0,298 
i,k: 0,299 
i,j: 0,0 
j,k: 0,299 
i,k: 0,300 
i,j: 0,0 
j,k: 0,300 
i,k: 0,301 
i,j: 0,0 
j,k: 0,301 
i,k: 0,302 
i,j: 0,0 
j,k: 0,302 
i,k: 0,303 
i,j: 0,0 
j,k: 0,303 
i,k: 0,304 
i,j: 0,0 
j,k: 0,304 
i,k: 0,305 
i,j: 0,0 
j,k: 0,305 
i,k: 0,306 
i,j: 0,0 
j,k: 0,306 
i,k: 0,307 
i,j: 0,0 
j,k: 0,307 
i,k: 0,308 
i,j: 0,0 
j,k: 0,308 
i,k: 0,309 
i,j: 0,0 
j,k: 0,309 
i,k: 0,310 
i,j: 0,0 
j,k: 0,310 
i,k: 0,311 
i,j: 0,0 
j,k: 0,311 
i,k: 0,312 
i,j: 0,0 
j,k: 0,312 
i,k: 0,313 
i,j: 0,0 
j,k: 0,313 
i,k: 0,314 
i,j: 0,0 
j,k: 0,314 
i,k: 0,315 
i,j: 0,0 
j,k: 0,315 
i,k: 0,316 
i,j: 0,0 
j,k: 0,316 
i,k: 0,317 
i,j: 0,0 
j,k: 0,317 
i,k: 0,318 
i,j: 0,0 
j,k: 0,318 
i,k: 0,319 
i,j: 0,0 
j,k: 0,319 
i,k: 0,320 
i,j: 0,0 
j,k: 0,320 
i,k: 0,321 
i,j: 0,0 
j,k: 0,321 
i,k: 0,322 
i,j: 0,0 
j,k: 0,322 
i,k: 0,323 
i,j: 0,0 
j,k: 0,323 
i,k: 0,324 
i,j: 0,0 
j,k: 0,324 
i,k: 0,325 
i,j: 0,0 
j,k: 0,325 
i,k: 0,326 
i,j: 0,0 
j,k: 0,326 
i,k: 0,327 
i,j: 0,0 
j,k: 0,327 
i,k: 0,328 
i,j: 0,0 
j,k: 0,328 
i,k: 0,329 
i,j: 0,0 
j,k: 0,329 
i,k: 0,330 
i,j: 0,0 
j,k: 0,330 
i,k: 0,331 
i,j: 0,0 
j,k: 0,331 
i,k: 0,332 
i,j: 0,0 
j,k: 0,332 
i,k: 0,333 
i,j: 0,0 
j,k: 0,333 
i,k: 0,334 
i,j: 0,0 
j,k: 0,334 
i,k: 0,335 
i,j: 0,0 
j,k: 0,335 
i,k: 0,336 
i,j: 0,0 
j,k: 0,336 
i,k: 0,337 
i,j: 0,0 
j,k: 0,337 
i,k: 0,338 
i,j: 0,0 
j,k: 0,338 
i,k: 0,339 
i,j: 0,0 
j,k: 0,339 
i,k: 0,340 
i,j: 0,0 
j,k: 0,340 
i,k: 0,341 
i,j: 0,0 
j,k: 0,341 
i,k: 0,342 
i,j: 0,0 
j,k: 0,342 
i,k: 0,343 
i,j: 0,0 
j,k: 0,343 
i,k: 0,344 
i,j: 0,0 
j,k: 0,344 
i,k: 0,345 
i,j: 0,0 
j,k: 0,345 
i,k: 0,346 
i,j: 0,0 
j,k: 0,346 
i,k: 0,347 
i,j: 0,0 
j,k: 0,347 
i,k: 0,348 
i,j: 0,0 
j,k: 0,348 
i,k: 0,349 
i,j: 0,0 
j,k: 0,349 
i,k: 0,350 
i,j: 0,0 
j,k: 0,350 
i,k: 0,351 
i,j: 0,0 
j,k: 0,351 
i,k: 0,352 
i,j: 0,0 
j,k: 0,352 
i,k: 0,353 
i,j: 0,0 
j,k: 0,353 
i,k: 0,354 
i,j: 0,0 
j,k: 0,354 
i,k: 0,355 
i,j: 0,0 
j,k: 0,355 
i,k: 0,356 
i,j: 0,0 
j,k: 0,356 
i,k: 0,357 
i,j: 0,0 
j,k: 0,357 
i,k: 0,358 
i,j: 0,0 
j,k: 0,358 
i,k: 0,359 
i,j: 0,0 
j,k: 0,359 
i,k: 0,360 
i,j: 0,0 
j,k: 0,360 
i,k: 0,361 
i,j: 0,0 
j,k: 0,361 
i,k: 0,362 
i,j: 0,0 
j,k: 0,362 
i,k: 0,363 
i,j: 0,0 
j,k: 0,363 
i,k: 0,364 
i,j: 0,0 
j,k: 0,364 
i,k: 0,365 
i,j: 0,0 
j,k: 0,365 
i,k: 0,366 
i,j: 0,0 
j,k: 0,366 
i,k: 0,367 
i,j: 0,0 
j,k: 0,367 
i,k: 0,368 
i,j: 0,0 
j,k: 0,368 
i,k: 0,369 
i,j: 0,0 
j,k: 0,369 
i,k: 0,370 
i,j: 0,0 
j,k: 0,370 
i,k: 0,371 
i,j: 0,0 
j,k: 0,371 
i,k: 0,372 
i,j: 0,0 
j,k: 0,372 
i,k: 0,373 
i,j: 0,0 
j,k: 0,373 
i,k: 0,374 
i,j: 0,0 
j,k: 0,374 
i,k: 0,375 
i,j: 0,0 
j,k: 0,375 
i,k: 0,376 
i,j: 0,0 
j,k: 0,376 
i,k: 0,377 
i,j: 0,0 
j,k: 0,377 
i,k: 0,378 
i,j: 0,0 
j,k: 0,378 
i,k: 0,379 
i,j: 0,0 
j,k: 0,379 
i,k: 0,380 
i,j: 0,0 
j,k: 0,380 
i,k: 0,381 
i,j: 0,0 
j,k: 0,381 
i,k: 0,382 
i,j: 0,0 
j,k: 0,382 
i,k: 0,383 
i,j: 0,0 
j,k: 0,383 
i,k: 0,384 
i,j: 0,0 
j,k: 0,384 
i,k: 0,385 
i,j: 0,0 
j,k: 0,385 
i,k: 0,386 
i,j: 0,0 
j,k: 0,386 
i,k: 0,387 
i,j: 0,0 
j,k: 0,387 
i,k: 0,388 
i,j: 0,0 
j,k: 0,388 
i,k: 0,389 
i,j: 0,0 
j,k: 0,389 
i,k: 0,390 
i,j: 0,0 
j,k: 0,390 
i,k: 0,391 
i,j: 0,0 
j,k: 0,391 
i,k: 0,392 
i,j: 0,0 
j,k: 0,392 
i,k: 0,393 
i,j: 0,0 
j,k: 0,393 
i,k: 0,394 
i,j: 0,0 
j,k: 0,394 
i,k: 0,395 
i,j: 0,0 
j,k: 0,395 
i,k: 0,396 
i,j: 0,0 
j,k: 0,396 
i,k: 0,397 
i,j: 0,0 
j,k: 0,397 
i,k: 0,398 
i,j: 0,0 
j,k: 0,398 
i,k: 0,399 
i,j: 0,0 
j,k: 0,399 
i,k: 0,400 
i,j: 0,0 
j,k: 0,400 
i,k: 0,401 
i,j: 0,0 
j,k: 0,401 
i,k: 0,402 
i,j: 0,0 
j,k: 0,402 
i,k: 0,403 
i,j: 0,0 
j,k: 0,403 
i,k: 0,404 
i,j: 0,0 
j,k: 0,404 
i,k: 0,405 
i,j: 0,0 
j,k: 0,405 
i,k: 0,406 
i,j: 0,0 
j,k: 0,406 
i,k: 0,407 
i,j: 0,0 
j,k: 0,407 
i,k: 0,408 
i,j: 0,0 
j,k: 0,408 
i,k: 0,409 
i,j: 0,0 
j,k: 0,409 
i,k: 0,410 
i,j: 0,0 
j,k: 0,410 
i,k: 0,411 
i,j: 0,0 
j,k: 0,411 
i,k: 0,412 
i,j: 0,0 
j,k: 0,412 
i,k: 0,413 
i,j: 0,0 
j,k: 0,413 
i,k: 0,414 
i,j: 0,0 
j,k: 0,414 
i,k: 0,415 
i,j: 0,0 
j,k: 0,415 
i,k: 0,416 
i,j: 0,0 
j,k: 0,416 
i,k: 0,417 
i,j: 0,0 
j,k: 0,417 
i,k: 0,418 
i,j: 0,0 
j,k: 0,418 
i,k: 0,419 
i,j: 0,0 
j,k: 0,419 
i,k: 0,420 
i,j: 0,0 
j,k: 0,420 
i,k: 0,421 
i,j: 0,0 
j,k: 0,421 
i,k: 0,422 
i,j: 0,0 
j,k: 0,422 
i,k: 0,423 
i,j: 0,0 
j,k: 0,423 
i,k: 0,424 
i,j: 0,0 
j,k: 0,424 
i,k: 0,425 
i,j: 0,0 
j,k: 0,425 
i,k: 0,426 
i,j: 0,0 
j,k: 0,426 
i,k: 0,427 
i,j: 0,0 
j,k: 0,427 
i,k: 0,428 
i,j: 0,0 
j,k: 0,428 
i,k: 0,429 
i,j: 0,0 
j,k: 0,429 
i,k: 0,430 
i,j: 0,0 
j,k: 0,430 
i,k: 0,431 
i,j: 0,0 
j,k: 0,431 
i,k: 0,432 
i,j: 0,0 
j,k: 0,432 
i,k: 0,433 
i,j: 0,0 
j,k: 0,433 
i,k: 0,434 
i,j: 0,0 
j,k: 0,434 
i,k: 0,435 
i,j: 0,0 
j,k: 0,435 
i,k: 0,436 
i,j: 0,0 
j,k: 0,436 
i,k: 0,437 
i,j: 0,0 
j,k: 0,437 
i,k: 0,438 
i,j: 0,0 
j,k: 0,438 
i,k: 0,439 
i,j: 0,0 
j,k: 0,439 
i,k: 0,440 
i,j: 0,0 
j,k: 0,440 
i,k: 0,441 
i,j: 0,0 
j,k: 0,441 
i,k: 0,442 
i,j: 0,0 
j,k: 0,442 
i,k: 0,443 
i,j: 0,0 
j,k: 0,443 
i,k: 0,444 
i,j: 0,0 
j,k: 0,444 
i,k: 0,445 
i,j: 0,0 
j,k: 0,445 
i,k: 0,446 
i,j: 0,0 
j,k: 0,446 
i,k: 0,447 
i,j: 0,0 
j,k: 0,447 
i,k: 0,448 
i,j: 0,0 
j,k: 0,448 
i,k: 0,449 
i,j: 0,0 
j,k: 0,449 
i,k: 0,450 
i,j: 0,0 
j,k: 0,450 
i,k: 0,451 
i,j: 0,0 
j,k: 0,451 
i,k: 0,452 
i,j: 0,0 
j,k: 0,452 
i,k: 0,453 
i,j: 0,0 
j,k: 0,453 
i,k: 0,454 
i,j: 0,0 
j,k: 0,454 
i,k: 0,455 
i,j: 0,0 
j,k: 0,455 
i,k: 0,456 
i,j: 0,0 
j,k: 0,456 
i,k: 0,457 
i,j: 0,0 
j,k: 0,457 
i,k: 0,458 
i,j: 0,0 
j,k: 0,458 
i,k: 0,459 
i,j: 0,0 
j,k: 0,459 
i,k: 0,460 
i,j: 0,0 
j,k: 0,460 
i,k: 0,461 
i,j: 0,0 
j,k: 0,461 
i,k: 0,462 
i,j: 0,0 
j,k: 0,462 
i,k: 0,463 
i,j: 0,0 
j,k: 0,463 
i,k: 0,464 
i,j: 0,0 
j,k: 0,464 
i,k: 0,465 
i,j: 0,0 
j,k: 0,465 
i,k: 0,466 
i,j: 0,0 
j,k: 0,466 
i,k: 0,467 
i,j: 0,0 
j,k: 0,467 
i,k: 0,468 
i,j: 0,0 
j,k: 0,468 
i,k: 0,469 
i,j: 0,0 
j,k: 0,469 
i,k: 0,470 
i,j: 0,0 
j,k: 0,470 
i,k: 0,471 
i,j: 0,0 
j,k: 0,471 
i,k: 0,472 
i,j: 0,0 
j,k: 0,472 
i,k: 0,473 
i,j: 0,0 
j,k: 0,473 
i,k: 0,474 
i,j: 0,0 
j,k: 0,474 
i,k: 0,475 
i,j: 0,0 
j,k: 0,475 
i,k: 0,476 
i,j: 0,0 
j,k: 0,476 
i,k: 0,477 
i,j: 0,0 
j,k: 0,477 
i,k: 0,478 
i,j: 0,0 
j,k: 0,478 
i,k: 0,479 
i,j: 0,0 
j,k: 0,479 
i,k: 0,480 
i,j: 0,0 
j,k: 0,480 
i,k: 0,481 
i,j: 0,0 
j,k: 0,481 
i,k: 0,482 
i,j: 0,0 
j,k: 0,482 
i,k: 0,483 
i,j: 0,0 
j,k: 0,483 
i,k: 0,484 
i,j: 0,0 
j,k: 0,484 
i,k: 0,485 
i,j: 0,0 
j,k: 0,485 
i,k: 0,486 
i,j: 0,0 
j,k: 0,486 
i,k: 0,487 
i,j: 0,0 
j,k: 0,487 
i,k: 0,488 
i,j: 0,0 
j,k: 0,488 
i,k: 0,489 
i,j: 0,0 
j,k: 0,489 
i,k: 0,490 
i,j: 0,0 
j,k: 0,490 
i,k: 0,491 
i,j: 0,0 
j,k: 0,491 
i,k: 0,492 
i,j: 0,0 
j,k: 0,492 
i,k: 0,493 
i,j: 0,0 
j,k: 0,493 
i,k: 0,494 
i,j: 0,0 
j,k: 0,494 
i,k: 0,495 
i,j: 0,0 
j,k: 0,495 
i,k: 0,496 
i,j: 0,0 
j,k: 0,496 
i,k: 0,497 
i,j: 0,0 
j,k: 0,497 
i,k: 0,498 
i,j: 0,0 
j,k: 0,498 
i,k: 0,499 
i,j: 0,0 
j,k: 0,499 
i,k: 0,500 
i,j: 0,0 
j,k: 0,500 
i,k: 0,501 
i,j: 0,0 
j,k: 0,501 
i,k: 0,502 
i,j: 0,0 
j,k: 0,502 
i,k: 0,503 
i,j: 0,0 
j,k: 0,503 
i,k: 0,504 
i,j: 0,0 
j,k: 0,504 
i,k: 0,505 
i,j: 0,0 
j,k: 0,505 
i,k: 0,506 
i,j: 0,0 
j,k: 0,506 
i,k: 0,507 
i,j: 0,0 
j,k: 0,507 
i,k: 0,508 
i,j: 0,0 
j,k: 0,508 
i,k: 0,509 
i,j: 0,0 
j,k: 0,509 
i,k: 0,510 
i,j: 0,0 
j,k: 0,510 
i,k: 0,511 
i,j: 0,0 
j,k: 0,511 
i,k: 0,512 
i,j: 0,0 
j,k: 0,512 
i,k: 0,513 
i,j: 0,0 
j,k: 0,513 
i,k: 0,514 
i,j: 0,0 
j,k: 0,514 
i,k: 0,515 
i,j: 0,0 
j,k: 0,515 
i,k: 0,516 
i,j: 0,0 
j,k: 0,516 
i,k: 0,517 
i,j: 0,0 
j,k: 0,517 
i,k: 0,518 
i,j: 0,0 
j,k: 0,518 
i,k: 0,519 
i,j: 0,0 
j,k: 0,519 
i,k: 0,520 
i,j: 0,0 
j,k: 0,520 
i,k: 0,521 
i,j: 0,0 
j,k: 0,521 
i,k: 0,522 
i,j: 0,0 
j,k: 0,522 
i,k: 0,523 
i,j: 0,0 
j,k: 0,523 
i,k: 0,524 
i,j: 0,0 
j,k: 0,524 
i,k: 0,525 
i,j: 0,0 
j,k: 0,525 
i,k: 0,526 
i,j: 0,0 
j,k: 0,526 
i,k: 0,527 
i,j: 0,0 
j,k: 0,527 
i,k: 0,528 
i,j: 0,0 
j,k: 0,528 
i,k: 0,529 
i,j: 0,0 
j,k: 0,529 
i,k: 0,530 
i,j: 0,0 
j,k: 0,530 
i,k: 0,531 
i,j: 0,0 
j,k: 0,531 
i,k: 0,532 
i,j: 0,0 
j,k: 0,532 
i,k: 0,533 
i,j: 0,0 
j,k: 0,533 
i,k: 0,534 
i,j: 0,0 
j,k: 0,534 
i,k: 0,535 
i,j: 0,0 
j,k: 0,535 
i,k: 0,536 
i,j: 0,0 
j,k: 0,536 
i,k: 0,537 
i,j: 0,0 
j,k: 0,537 
i,k: 0,538 
i,j: 0,0 
j,k: 0,538 
i,k: 0,539 
i,j: 0,0 
j,k: 0,539 
i,k: 0,540 
i,j: 0,0 
j,k: 0,540 
i,k: 0,541 
i,j: 0,0 
j,k: 0,541 
i,k: 0,542 
i,j: 0,0 
j,k: 0,542 
i,k: 0,543 
i,j: 0,0 
j,k: 0,543 
i,k: 0,544 
i,j: 0,0 
j,k: 0,544 
i,k: 0,545 
i,j: 0,0 
j,k: 0,545 
i,k: 0,546 
i,j: 0,0 
j,k: 0,546 
i,k: 0,547 
i,j: 0,0 
j,k: 0,547 
i,k: 0,548 
i,j: 0,0 
j,k: 0,548 
i,k: 0,549 
i,j: 0,0 
j,k: 0,549 
i,k: 0,550 
i,j: 0,0 
j,k: 0,550 
i,k: 0,551 
i,j: 0,0 
j,k: 0,551 
i,k: 0,552 
i,j: 0,0 
j,k: 0,552 
i,k: 0,553 
i,j: 0,0 
j,k: 0,553 
i,k: 0,554 
i,j: 0,0 
j,k: 0,554 
i,k: 0,555 
i,j: 0,0 
j,k: 0,555 
i,k: 0,556 
i,j: 0,0 
j,k: 0,556 
i,k: 0,557 
i,j: 0,0 
j,k: 0,557 
i,k: 0,558 
i,j: 0,0 
j,k: 0,558 
i,k: 0,559 
i,j: 0,0 
j,k: 0,559 
i,k: 0,560 
i,j: 0,0 
j,k: 0,560 
i,k: 0,561 
i,j: 0,0 
j,k: 0,561 
i,k: 0,562 
i,j: 0,0 
j,k: 0,562 
i,k: 0,563 
i,j: 0,0 
j,k: 0,563 
i,k: 0,564 
i,j: 0,0 
j,k: 0,564 
i,k: 0,565 
i,j: 0,0 
j,k: 0,565 
i,k: 0,566 
i,j: 0,0 
j,k: 0,566 
i,k: 0,567 
i,j: 0,0 
j,k: 0,567 
i,k: 0,568 
i,j: 0,0 
j,k: 0,568 
i,k: 0,569 
i,j: 0,0 
j,k: 0,569 
i,k: 0,570 
i,j: 0,0 
j,k: 0,570 
i,k: 0,571 
i,j: 0,0 
j,k: 0,571 
i,k: 0,572 
i,j: 0,0 
j,k: 0,572 
i,k: 0,573 
i,j: 0,0 
j,k: 0,573 
i,k: 0,574 
i,j: 0,0 
j,k: 0,574 
i,k: 0,575 
i,j: 0,0 
j,k: 0,575 
i,k: 0,576 
i,j: 0,0 
j,k: 0,576 
i,k: 0,577 
i,j: 0,0 
j,k: 0,577 
i,k: 0,578 
i,j: 0,0 
j,k: 0,578 
i,k: 0,579 
i,j: 0,0 
j,k: 0,579 
i,k: 0,580 
i,j: 0,0 
j,k: 0,580 
i,k: 0,581 
i,j: 0,0 
j,k: 0,581 
i,k: 0,582 
i,j: 0,0 
j,k: 0,582 
i,k: 0,583 
i,j: 0,0 
j,k: 0,583 
i,k: 0,584 
i,j: 0,0 
j,k: 0,584 
i,k: 0,585 
i,j: 0,0 
j,k: 0,585 
i,k: 0,586 
i,j: 0,0 
j,k: 0,586 
i,k: 0,587 
i,j: 0,0 
j,k: 0,587 
i,k: 0,588 
i,j: 0,0 
j,k: 0,588 
i,k: 0,589 
i,j: 0,0 
j,k: 0,589 
i,k: 0,590 
i,j: 0,0 
j,k: 0,590 
i,k: 0,591 
i,j: 0,0 
j,k: 0,591 
i,k: 0,592 
i,j: 0,0 
j,k: 0,592 
i,k: 0,593 
i,j: 0,0 
j,k: 0,593 
i,k: 0,594 
i,j: 0,0 
j,k: 0,594 
i,k: 0,595 
i,j: 0,0 
j,k: 0,595 
i,k: 0,596 
i,j: 0,0 
j,k: 0,596 
i,k: 0,597 
i,j: 0,0 
j,k: 0,597 
i,k: 0,598 
i,j: 0,0 
j,k: 0,598 
i,k: 0,599 
i,j: 0,0 
j,k: 0,599 
i,k: 0,600 
i,j: 0,0 
j,k: 0,600 
i,k: 0,601 
i,j: 0,0 
j,k: 0,601 
i,k: 0,602 
i,j: 0,0 
j,k: 0,602 
i,k: 0,603 
i,j: 0,0 
j,k: 0,603 
i,k: 0,604 
i,j: 0,0 
j,k: 0,604 
i,k: 0,605 
i,j: 0,0 
j,k: 0,605 
i,k: 0,606 
i,j: 0,0 
j,k: 0,606 
i,k: 0,607 
i,j: 0,0 
j,k: 0,607 
i,k: 0,608 
i,j: 0,0 
j,k: 0,608 
i,k: 0,609 
i,j: 0,0 
j,k: 0,609 
i,k: 0,610 
i,j: 0,0 
j,k: 0,610 
i,k: 0,611 
i,j: 0,0 
j,k: 0,611 
i,k: 0,612 
i,j: 0,0 
j,k: 0,612 
i,k: 0,613 
i,j: 0,0 
j,k: 0,613 
i,k: 0,614 
i,j: 0,0 
j,k: 0,614 
i,k: 0,615 
i,j: 0,0 
j,k: 0,615 
i,k: 0,616 
i,j: 0,0 
j,k: 0,616 
i,k: 0,617 
i,j: 0,0 
j,k: 0,617 
i,k: 0,618 
i,j: 0,0 
j,k: 0,618 
i,k: 0,619 
i,j: 0,0 
j,k: 0,619 
i,k: 0,620 
i,j: 0,0 
j,k: 0,620 
i,k: 0,621 
i,j: 0,0 
j,k: 0,621 
i,k: 0,622 
i,j: 0,0 
j,k: 0,622 
i,k: 0,623 
i,j: 0,0 
j,k: 0,623 
i,k: 0,624 
i,j: 0,0 
j,k: 0,624 
i,k: 0,625 
i,j: 0,0 
j,k: 0,625 
i,k: 0,626 
i,j: 0,0 
j,k: 0,626 
i,k: 0,627 
i,j: 0,0 
j,k: 0,627 
i,k: 0,628 
i,j: 0,0 
j,k: 0,628 
i,k: 0,629 
i,j: 0,0 
j,k: 0,629 
i,k: 0,630 
i,j: 0,0 
j,k: 0,630 
i,k: 0,631 
i,j: 0,0 
j,k: 0,631 
i,k: 0,632 
i,j: 0,0 
j,k: 0,632 
i,k: 0,633 
i,j: 0,0 
j,k: 0,633 
i,k: 0,634 
i,j: 0,0 
j,k: 0,634 
i,k: 0,635 
i,j: 0,0 
j,k: 0,635 
i,k: 0,636 
i,j: 0,0 
j,k: 0,636 
i,k: 0,637 
i,j: 0,0 
j,k: 0,637 
i,k: 0,638 
i,j: 0,0 
j,k: 0,638 
i,k: 0,639 
i,j: 0,0 
j,k: 0,639 
i,k: 0,640 
i,j: 0,0 
j,k: 0,640 
i,k: 0,641 
i,j: 0,0 
j,k: 0,641 
i,k: 0,642 
i,j: 0,0 
j,k: 0,642 
i,k: 0,643 
i,j: 0,0 
j,k: 0,643 
i,k: 0,644 
i,j: 0,0 
j,k: 0,644 
i,k: 0,645 
i,j: 0,0 
j,k: 0,645 
i,k: 0,646 
i,j: 0,0 
j,k: 0,646 
i,k: 0,647 
i,j: 0,0 
j,k: 0,647 
i,k: 0,648 
i,j: 0,0 
j,k: 0,648 
i,k: 0,649 
i,j: 0,0 
j,k: 0,649 
i,k: 0,650 
i,j: 0,0 
j,k: 0,650 
i,k: 0,651 
i,j: 0,0 
j,k: 0,651 
i,k: 0,652 
i,j: 0,0 
j,k: 0,652 
i,k: 0,653 
i,j: 0,0 
j,k: 0,653 
i,k: 0,654 
i,j: 0,0 
j,k: 0,654 
i,k: 0,655 
i,j: 0,0 
j,k: 0,655 
i,k: 0,656 
i,j: 0,0 
j,k: 0,656 
i,k: 0,657 
i,j: 0,0 
j,k: 0,657 
i,k: 0,658 
i,j: 0,0 
j,k: 0,658 
i,k: 0,659 
i,j: 0,0 
j,k: 0,659 
i,k: 0,660 
i,j: 0,0 
j,k: 0,660 
i,k: 0,661 
i,j: 0,0 
j,k: 0,661 
i,k: 0,662 
i,j: 0,0 
j,k: 0,662 
i,k: 0,663 
i,j: 0,0 
j,k: 0,663 
i,k: 0,664 
i,j: 0,0 
j,k: 0,664 
i,k: 0,665 
i,j: 0,0 
j,k: 0,665 
i,k: 0,666 
i,j: 0,0 
j,k: 0,666 
i,k: 0,667 
i,j: 0,0 
j,k: 0,667 
i,k: 0,668 
i,j: 0,0 
j,k: 0,668 
i,k: 0,669 
i,j: 0,0 
j,k: 0,669 
i,k: 0,670 
i,j: 0,0 
j,k: 0,670 
i,k: 0,671 
i,j: 0,0 
j,k: 0,671 
i,k: 0,672 
i,j: 0,0 
j,k: 0,672 
i,k: 0,673 
i,j: 0,0 
j,k: 0,673 
i,k: 0,674 
i,j: 0,0 
j,k: 0,674 
i,k: 0,675 
i,j: 0,0 
j,k: 0,675 
i,k: 0,676 
i,j: 0,0 
j,k: 0,676 
i,k: 0,677 
i,j: 0,0 
j,k: 0,677 
i,k: 0,678 
i,j: 0,0 
j,k: 0,678 
i,k: 0,679 
i,j: 0,0 
j,k: 0,679 
i,k: 0,680 
i,j: 0,0 
j,k: 0,680 
i,k: 0,681 
i,j: 0,0 
j,k: 0,681 
i,k: 0,682 
i,j: 0,0 
j,k: 0,682 
i,k: 0,683 
i,j: 0,0 
j,k: 0,683 
i,k: 0,684 
i,j: 0,0 
j,k: 0,684 
i,k: 0,685 
i,j: 0,0 
j,k: 0,685 
i,k: 0,686 
i,j: 0,0 
j,k: 0,686 
i,k: 0,687 
i,j: 0,0 
j,k: 0,687 
i,k: 0,688 
i,j: 0,0 
j,k: 0,688 
i,k: 0,689 
i,j: 0,0 
j,k: 0,689 
i,k: 0,690 
i,j: 0,0 
j,k: 0,690 
i,k: 0,691 
i,j: 0,0 
j,k: 0,691 
i,k: 0,692 
i,j: 0,0 
j,k: 0,692 
i,k: 0,693 
i,j: 0,0 
j,k: 0,693 
i,k: 0,694 
i,j: 0,0 
j,k: 0,694 
i,k: 0,695 
i,j: 0,0 
j,k: 0,695 
i,k: 0,696 
i,j: 0,0 
j,k: 0,696 
i,k: 0,697 
i,j: 0,0 
j,k: 0,697 
i,k: 0,698 
i,j: 0,0 
j,k: 0,698 
i,k: 0,699 
i,j: 0,0 
j,k: 0,699 
i,k: 0,700 
i,j: 0,0 
j,k: 0,700 
i,k: 0,701 
i,j: 0,0 
j,k: 0,701 
i,k: 0,702 
i,j: 0,0 
j,k: 0,702 
i,k: 0,703 
i,j: 0,0 
j,k: 0,703 
i,k: 0,704 
i,j: 0,0 
j,k: 0,704 
i,k: 0,705 
i,j: 0,0 
j,k: 0,705 
i,k: 0,706 
i,j: 0,0 
j,k: 0,706 
i,k: 0,707 
i,j: 0,0 
j,k: 0,707 
i,k: 0,708 
i,j: 0,0 
j,k: 0,708 
i,k: 0,709 
i,j: 0,0 
j,k: 0,709 
i,k: 0,710 
i,j: 0,0 
j,k: 0,710 
i,k: 0,711 
i,j: 0,0 
j,k: 0,711 
i,k: 0,712 
i,j: 0,0 
j,k: 0,712 
i,k: 0,713 
i,j: 0,0 
j,k: 0,713 
i,k: 0,714 
i,j: 0,0 
j,k: 0,714 
i,k: 0,715 
i,j: 0,0 
j,k: 0,715 
i,k: 0,716 
i,j: 0,0 
j,k: 0,716 
i,k: 0,717 
i,j: 0,0 
j,k: 0,717 
i,k: 0,718 
i,j: 0,0 
j,k: 0,718 
i,k: 0,719 
i,j: 0,0 
j,k: 0,719 
i,k: 0,720 
i,j: 0,0 
j,k: 0,720 
i,k: 0,721 
i,j: 0,0 
j,k: 0,721 
i,k: 0,722 
i,j: 0,0 
j,k: 0,722 
i,k: 0,723 
i,j: 0,0 
j,k: 0,723 
i,k: 0,724 
i,j: 0,0 
j,k: 0,724 
i,k: 0,725 
i,j: 0,0 
j,k: 0,725 
i,k: 0,726 
i,j: 0,0 
j,k: 0,726 
i,k: 0,727 
i,j: 0,0 
j,k: 0,727 
i,k: 0,728 
i,j: 0,0 
j,k: 0,728 
i,k: 0,729 
i,j: 0,0 
j,k: 0,729 
i,k: 0,730 
i,j: 0,0 
j,k: 0,730 
i,k: 0,731 
i,j: 0,0 
j,k: 0,731 
i,k: 0,732 
i,j: 0,0 
j,k: 0,732 
i,k: 0,733 
i,j: 0,0 
j,k: 0,733 
i,k: 0,734 
i,j: 0,0 
j,k: 0,734 
i,k: 0,735 
i,j: 0,0 
j,k: 0,735 
i,k: 0,736 
i,j: 0,0 
j,k: 0,736 
i,k: 0,737 
i,j: 0,0 
j,k: 0,737 
i,k: 0,738 
i,j: 0,0 
j,k: 0,738 
i,k: 0,739 
i,j: 0,0 
j,k: 0,739 
i,k: 0,740 
i,j: 0,0 
j,k: 0,740 
i,k: 0,741 
i,j: 0,0 
j,k: 0,741 
i,k: 0,742 
i,j: 0,0 
j,k: 0,742 
i,k: 0,743 
i,j: 0,0 
j,k: 0,743 
i,k: 0,744 
i,j: 0,0 
j,k: 0,744 
i,k: 0,745 
i,j: 0,0 
j,k: 0,745 
i,k: 0,746 
i,j: 0,0 
j,k: 0,746 
i,k: 0,747 
i,j: 0,0 
j,k: 0,747 
i,k: 0,748 
i,j: 0,0 
j,k: 0,748 
i,k: 0,749 
i,j: 0,0 
j,k: 0,749 
i,k: 0,750 
i,j: 0,0 
j,k: 0,750 
i,k: 0,751 
i,j: 0,0 
j,k: 0,751 
i,k: 0,752 
i,j: 0,0 
j,k: 0,752 
i,k: 0,753 
i,j: 0,0 
j,k: 0,753 
i,k: 0,754 
i,j: 0,0 
j,k: 0,754 
i,k: 0,755 
i,j: 0,0 
j,k: 0,755 
i,k: 0,756 
i,j: 0,0 
j,k: 0,756 
i,k: 0,757 
i,j: 0,0 
j,k: 0,757 
i,k: 0,758 
i,j: 0,0 
j,k: 0,758 
i,k: 0,759 
i,j: 0,0 
j,k: 0,759 
i,k: 0,760 
i,j: 0,0 
j,k: 0,760 
i,k: 0,761 
i,j: 0,0 
j,k: 0,761 
i,k: 0,762 
i,j: 0,0 
j,k: 0,762 
i,k: 0,763 
i,j: 0,0 
j,k: 0,763 
i,k: 0,764 
i,j: 0,0 
j,k: 0,764 
i,k: 0,765 
i,j: 0,0 
j,k: 0,765 
i,k: 0,766 
i,j: 0,0 
j,k: 0,766 
i,k: 0,767 
i,j: 0,0 
j,k: 0,767 
i,k: 0,768 
i,j: 0,0 
j,k: 0,768 
i,k: 0,769 
i,j: 0,0 
j,k: 0,769 
i,k: 0,770 
i,j: 0,0 
j,k: 0,770 
i,k: 0,771 
i,j: 0,0 
j,k: 0,771 
i,k: 0,772 
i,j: 0,0 
j,k: 0,772 
i,k: 0,773 
i,j: 0,0 
j,k: 0,773 
i,k: 0,774 
i,j: 0,0 
j,k: 0,774 
i,k: 0,775 
i,j: 0,0 
j,k: 0,775 
i,k: 0,776 
i,j: 0,0 
j,k: 0,776 
i,k: 0,777 
i,j: 0,0 
j,k: 0,777 
i,k: 0,778 
i,j: 0,0 
j,k: 0,778 
i,k: 0,779 
i,j: 0,0 
j,k: 0,779 
i,k: 0,780 
i,j: 0,0 
j,k: 0,780 
i,k: 0,781 
i,j: 0,0 
j,k: 0,781 
i,k: 0,782 
i,j: 0,0 
j,k: 0,782 
i,k: 0,783 
i,j: 0,0 
j,k: 0,783 
i,k: 0,784 
i,j: 0,0 
j,k: 0,784 
i,k: 0,785 
i,j: 0,0 
j,k: 0,785 
i,k: 0,786 
i,j: 0,0 
j,k: 0,786 
i,k: 0,787 
i,j: 0,0 
j,k: 0,787 
i,k: 0,788 
i,j: 0,0 
j,k: 0,788 
i,k: 0,789 
i,j: 0,0 
j,k: 0,789 
i,k: 0,790 
i,j: 0,0 
j,k: 0,790 
i,k: 0,791 
i,j: 0,0 
j,k: 0,791 
i,k: 0,792 
i,j: 0,0 
j,k: 0,792 
i,k: 0,793 
i,j: 0,0 
j,k: 0,793 
i,k: 0,794 
i,j: 0,0 
j,k: 0,794 
i,k: 0,795 
i,j: 0,0 
j,k: 0,795 
i,k: 0,796 
i,j: 0,0 
j,k: 0,796 
i,k: 0,797 
i,j: 0,0 
j,k: 0,797 
i,k: 0,798 
i,j: 0,0 
j,k: 0,798 
i,k: 0,799 
i,j: 0,0 
j,k: 0,799 
i,k: 0,800 
i,j: 0,0 
j,k: 0,800 
i,k: 0,801 
i,j: 0,0 
j,k: 0,801 
i,k: 0,802 
i,j: 0,0 
j,k: 0,802 
i,k: 0,803 
i,j: 0,0 
j,k: 0,803 
i,k: 0,804 
i,j: 0,0 
j,k: 0,804 
i,k: 0,805 
i,j: 0,0 
j,k: 0,805 
i,k: 0,806 
i,j: 0,0 
j,k: 0,806 
i,k: 0,807 
i,j: 0,0 
j,k: 0,807 
i,k: 0,808 
i,j: 0,0 
j,k: 0,808 
i,k: 0,809 
i,j: 0,0 
j,k: 0,809 
i,k: 0,810 
i,j: 0,0 
j,k: 0,810 
i,k: 0,811 
i,j: 0,0 
j,k: 0,811 
i,k: 0,812 
i,j: 0,0 
j,k: 0,812 
i,k: 0,813 
i,j: 0,0 
j,k: 0,813 
i,k: 0,814 
i,j: 0,0 
j,k: 0,814 
i,k: 0,815 
i,j: 0,0 
j,k: 0,815 
i,k: 0,816 
i,j: 0,0 
j,k: 0,816 
i,k: 0,817 
i,j: 0,0 
j,k: 0,817 
i,k: 0,818 
i,j: 0,0 
j,k: 0,818 
i,k: 0,819 
i,j: 0,0 
j,k: 0,819 
i,k: 0,820 
i,j: 0,0 
j,k: 0,820 
i,k: 0,821 
i,j: 0,0 
j,k: 0,821 
i,k: 0,822 
i,j: 0,0 
j,k: 0,822 
i,k: 0,823 
i,j: 0,0 
j,k: 0,823 
i,k: 0,824 
i,j: 0,0 
j,k: 0,824 
i,k: 0,825 
i,j: 0,0 
j,k: 0,825 
i,k: 0,826 
i,j: 0,0 
j,k: 0,826 
i,k: 0,827 
i,j: 0,0 
j,k: 0,827 
i,k: 0,828 
i,j: 0,0 
j,k: 0,828 
i,k: 0,829 
i,j: 0,0 
j,k: 0,829 
i,k: 0,830 
i,j: 0,0 
j,k: 0,830 
i,k: 0,831 
i,j: 0,0 
j,k: 0,831 
i,k: 0,832 
i,j: 0,0 
j,k: 0,832 
i,k: 0,833 
i,j: 0,0 
j,k: 0,833 
i,k: 0,834 
i,j: 0,0 
j,k: 0,834 
i,k: 0,835 
i,j: 0,0 
j,k: 0,835 
i,k: 0,836 
i,j: 0,0 
j,k: 0,836 
i,k: 0,837 
i,j: 0,0 
j,k: 0,837 
i,k: 0,838 
i,j: 0,0 
j,k: 0,838 
i,k: 0,839 
i,j: 0,0 
j,k: 0,839 
i,k: 0,840 
i,j: 0,0 
j,k: 0,840 
i,k: 0,841 
i,j: 0,0 
j,k: 0,841 
i,k: 0,842 
i,j: 0,0 
j,k: 0,842 
i,k: 0,843 
i,j: 0,0 
j,k: 0,843 
i,k: 0,844 
i,j: 0,0 
j,k: 0,844 
i,k: 0,845 
i,j: 0,0 
j,k: 0,845 
i,k: 0,846 
i,j: 0,0 
j,k: 0,846 
i,k: 0,847 
i,j: 0,0 
j,k: 0,847 
i,k: 0,848 
i,j: 0,0 
j,k: 0,848 
i,k: 0,849 
i,j: 0,0 
j,k: 0,849 
i,k: 0,850 
i,j: 0,0 
j,k: 0,850 
i,k: 0,851 
i,j: 0,0 
j,k: 0,851 
i,k: 0,852 
i,j: 0,0 
j,k: 0,852 
i,k: 0,853 
i,j: 0,0 
j,k: 0,853 
i,k: 0,854 
i,j: 0,0 
j,k: 0,854 
i,k: 0,855 
i,j: 0,0 
j,k: 0,855 
i,k: 0,856 
i,j: 0,0 
j,k: 0,856 
i,k: 0,857 
i,j: 0,0 
j,k: 0,857 
i,k: 0,858 
i,j: 0,0 
j,k: 0,858 
i,k: 0,859 
i,j: 0,0 
j,k: 0,859 
i,k: 0,860 
i,j: 0,0 
j,k: 0,860 
i,k: 0,861 
i,j: 0,0 
j,k: 0,861 
i,k: 0,862 
i,j: 0,0 
j,k: 0,862 
i,k: 0,863 
i,j: 0,0 
j,k: 0,863 
i,k: 0,864 
i,j: 0,0 
j,k: 0,864 
i,k: 0,865 
i,j: 0,0 
j,k: 0,865 
i,k: 0,866 
i,j: 0,0 
j,k: 0,866 
i,k: 0,867 
i,j: 0,0 
j,k: 0,867 
i,k: 0,868 
i,j: 0,0 
j,k: 0,868 
i,k: 0,869 
i,j: 0,0 
j,k: 0,869 
i,k: 0,870 
i,j: 0,0 
j,k: 0,870 
i,k: 0,871 
i,j: 0,0 
j,k: 0,871 
i,k: 0,872 
i,j: 0,0 
j,k: 0,872 
i,k: 0,873 
i,j: 0,0 
j,k: 0,873 
i,k: 0,874 
i,j: 0,0 
j,k: 0,874 
i,k: 0,875 
i,j: 0,0 
j,k: 0,875 
i,k: 0,876 
i,j: 0,0 
j,k: 0,876 
i,k: 0,877 
i,j: 0,0 
j,k: 0,877 
i,k: 0,878 
i,j: 0,0 
j,k: 0,878 
i,k: 0,879 
i,j: 0,0 
j,k: 0,879 
i,k: 0,880 
i,j: 0,0 
j,k: 0,880 
i,k: 0,881 
i,j: 0,0 
j,k: 0,881 
i,k: 0,882 
i,j: 0,0 
j,k: 0,882 
i,k: 0,883 
i,j: 0,0 
j,k: 0,883 
i,k: 0,884 
i,j: 0,0 
j,k: 0,884 
i,k: 0,885 
i,j: 0,0 
j,k: 0,885 
i,k: 0,886 
i,j: 0,0 
j,k: 0,886 
i,k: 0,887 
i,j: 0,0 
j,k: 0,887 
i,k: 0,888 
i,j: 0,0 
j,k: 0,888 
i,k: 0,889 
i,j: 0,0 
j,k: 0,889 
i,k: 0,890 
i,j: 0,0 
j,k: 0,890 
i,k: 0,891 
i,j: 0,0 
j,k: 0,891 
i,k: 0,892 
i,j: 0,0 
j,k: 0,892 
i,k: 0,893 
i,j: 0,0 
j,k: 0,893 
i,k: 0,894 
i,j: 0,0 
j,k: 0,894 
i,k: 0,895 
i,j: 0,0 
j,k: 0,895 
i,k: 0,896 
i,j: 0,0 
j,k: 0,896 
i,k: 0,897 
i,j: 0,0 
j,k: 0,897 
i,k: 0,898 
i,j: 0,0 
j,k: 0,898 
i,k: 0,899 
i,j: 0,0 
j,k: 0,899 
i,k: 0,900 
i,j: 0,0 
j,k: 0,900 
i,k: 0,901 
i,j: 0,0 
j,k: 0,901 
i,k: 0,902 
i,j: 0,0 
j,k: 0,902 
i,k: 0,903 
i,j: 0,0 
j,k: 0,903 
i,k: 0,904 
i,j: 0,0 
j,k: 0,904 
i,k: 0,905 
i,j: 0,0 
j,k: 0,905 
i,k: 0,906 
i,j: 0,0 
j,k: 0,906 
i,k: 0,907 
i,j: 0,0 
j,k: 0,907 
i,k: 0,908 
i,j: 0,0 
j,k: 0,908 
i,k: 0,909 
i,j: 0,0 
j,k: 0,909 
i,k: 0,910 
i,j: 0,0 
j,k: 0,910 
i,k: 0,911 
i,j: 0,0 
j,k: 0,911 
i,k: 0,912 
i,j: 0,0 
j,k: 0,912 
i,k: 0,913 
i,j: 0,0 
j,k: 0,913 
i,k: 0,914 
i,j: 0,0 
j,k: 0,914 
i,k: 0,915 
i,j: 0,0 
j,k: 0,915 
i,k: 0,916 
i,j: 0,0 
j,k: 0,916 
i,k: 0,917 
i,j: 0,0 
j,k: 0,917 
i,k: 0,918 
i,j: 0,0 
j,k: 0,918 
i,k: 0,919 
i,j: 0,0 
j,k: 0,919 
i,k: 0,920 
i,j: 0,0 
j,k: 0,920 
i,k: 0,921 
i,j: 0,0 
j,k: 0,921 
i,k: 0,922 
i,j: 0,0 
j,k: 0,922 
i,k: 0,923 
i,j: 0,0 
j,k: 0,923 
i,k: 0,924 
i,j: 0,0 
j,k: 0,924 
i,k: 0,925 
i,j: 0,0 
j,k: 0,925 
i,k: 0,926 
i,j: 0,0 
j,k: 0,926 
i,k: 0,927 
i,j: 0,0 
j,k: 0,927 
i,k: 0,928 
i,j: 0,0 
j,k: 0,928 
i,k: 0,929 
i,j: 0,0 
j,k: 0,929 
i,k: 0,930 
i,j: 0,0 
j,k: 0,930 
i,k: 0,931 
i,j: 0,0 
j,k: 0,931 
i,k: 0,932 
i,j: 0,0 
j,k: 0,932 
i,k: 0,933 
i,j: 0,0 
j,k: 0,933 
i,k: 0,934 
i,j: 0,0 
j,k: 0,934 
i,k: 0,935 
i,j: 0,0 
j,k: 0,935 
i,k: 0,936 
i,j: 0,0 
j,k: 0,936 
i,k: 0,937 
i,j: 0,0 
j,k: 0,937 
i,k: 0,938 
i,j: 0,0 
j,k: 0,938 
i,k: 0,939 
i,j: 0,0 
j,k: 0,939 
i,k: 0,940 
i,j: 0,0 
j,k: 0,940 
i,k: 0,941 
i,j: 0,0 
j,k: 0,941 
i,k: 0,942 
i,j: 0,0 
j,k: 0,942 
i,k: 0,943 
i,j: 0,0 
j,k: 0,943 
i,k: 0,944 
i,j: 0,0 
j,k: 0,944 
i,k: 0,945 
i,j: 0,0 
j,k: 0,945 
i,k: 0,946 
i,j: 0,0 
j,k: 0,946 
i,k: 0,947 
i,j: 0,0 
j,k: 0,947 
i,k: 0,948 
i,j: 0,0 
j,k: 0,948 
i,k: 0,949 
i,j: 0,0 
j,k: 0,949 
i,k: 0,950 
i,j: 0,0 
j,k: 0,950 
i,k: 0,951 
i,j: 0,0 
j,k: 0,951 
i,k: 0,952 
i,j: 0,0 
j,k: 0,952 
i,k: 0,953 
i,j: 0,0 
j,k: 0,953 
i,k: 0,954 
i,j: 0,0 
j,k: 0,954 
i,k: 0,955 
i,j: 0,0 
j,k: 0,955 
i,k: 0,956 
i,j: 0,0 
j,k: 0,956 
i,k: 0,957 
i,j: 0,0 
j,k: 0,957 
i,k: 0,958 
i,j: 0,0 
j,k: 0,958 
i,k: 0,959 
i,j: 0,0 
j,k: 0,959 
i,k: 0,960 
i,j: 0,0 
j,k: 0,960 
i,k: 0,961 
i,j: 0,0 
j,k: 0,961 
i,k: 0,962 
i,j: 0,0 
j,k: 0,962 
i,k: 0,963 
i,j: 0,0 
j,k: 0,963 
i,k: 0,964 
i,j: 0,0 
j,k: 0,964 
i,k: 0,965 
i,j: 0,0 
j,k: 0,965 
i,k: 0,966 
i,j: 0,0 
j,k: 0,966 
i,k: 0,967 
i,j: 0,0 
j,k: 0,967 
i,k: 0,968 
i,j: 0,0 
j,k: 0,968 
i,k: 0,969 
i,j: 0,0 
j,k: 0,969 
i,k: 0,970 
i,j: 0,0 
j,k: 0,970 
i,k: 0,971 
i,j: 0,0 
j,k: 0,971 
i,k: 0,972 
i,j: 0,0 
j,k: 0,972 
i,k: 0,973 
i,j: 0,0 
j,k: 0,973 
i,k: 0,974 
i,j: 0,0 
j,k: 0,974 
i,k: 0,975 
i,j: 0,0 
j,k: 0,975 
i,k: 0,976 
i,j: 0,0 
j,k: 0,976 
i,k: 0,977 
i,j: 0,0 
j,k: 0,977 
i,k: 0,978 
i,j: 0,0 
j,k: 0,978 
i,k: 0,979 
i,j: 0,0 
j,k: 0,979 
i,k: 0,980 
i,j: 0,0 
j,k: 0,980 
i,k: 0,981 
i,j: 0,0 
j,k: 0,981 
i,k: 0,982 
i,j: 0,0 
j,k: 0,982 
i,k: 0,983 
i,j: 0,0 
j,k: 0,983 
i,k: 0,984 
i,j: 0,0 
j,k: 0,984 
i,k: 0,985 
i,j: 0,0 
j,k: 0,985 
i,k: 0,986 
i,j: 0,0 
j,k: 0,986 
i,k: 0,987 
i,j: 0,0 
j,k: 0,987 
i,k: 0,988 
i,j: 0,0 
j,k: 0,988 
i,k: 0,989 
i,j: 0,0 
j,k: 0,989 
i,k: 0,990 
i,j: 0,0 
j,k: 0,990 
i,k: 0,991 
i,j: 0,0 
j,k: 0,991 
i,k: 0,992 
i,j: 0,0 
j,k: 0,992 
i,k: 0,993 
i,j: 0,0 
j,k: 0,993 
i,k: 0,994 
i,j: 0,0 
j,k: 0,994 
i,k: 0,995 
i,j: 0,0 
j,k: 0,995 
i,k: 0,996 
i,j: 0,0 
j,k: 0,996 
i,k: 0,997 
i,j: 0,0 
j,k: 0,997 
i,k: 0,998 
i,j: 0,0 
j,k: 0,998 
i,k: 0,999 
i,j: 0,0 
j,k: 0,999 
i,k: 0,1000 
i,j: 0,0 
j,k: 0,1000 
i,k: 0,1001 
i,j: 0,0 
j,k: 0,1001 
i,k: 0,1002 
i,j: 0,0 
j,k: 0,1002 
i,k: 0,1003 
i,j: 0,0 
j,k: 0,1003 
i,k: 0,1004 
i,j: 0,0 
j,k: 0,1004 
i,k: 0,1005 
i,j: 0,0 
j,k: 0,1005 
i,k: 0,1006 
i,j: 0,0 
j,k: 0,1006 
i,k: 0,1007 
i,j: 0,0 
j,k: 0,1007 
i,k: 0,1008 
i,j: 0,0 
j,k: 0,1008 
i,k: 0,1009 
i,j: 0,0 
j,k: 0,1009 
i,k: 0,1010 
i,j: 0,0 
j,k: 0,1010 
i,k: 0,1011 
i,j: 0,0 
j,k: 0,1011 
i,k: 0,1012 
i,j: 0,0 
j,k: 0,1012 
i,k: 0,1013 
i,j: 0,0 
j,k: 0,1013 
i,k: 0,1014 
i,j: 0,0 
j,k: 0,1014 
i,k: 0,1015 
i,j: 0,0 
j,k: 0,1015 
i,k: 0,1016 
i,j: 0,0 
j,k: 0,1016 
i,k: 0,1017 
i,j: 0,0 
j,k: 0,1017 
i,k: 0,1018 
i,j: 0,0 
j,k: 0,1018 
i,k: 0,1019 
i,j: 0,0 
j,k: 0,1019 
i,k: 0,1020 
i,j: 0,0 
j,k: 0,1020 
i,k: 0,1021 
i,j: 0,0 
j,k: 0,1021 
i,k: 0,1022 
i,j: 0,0 
j,k: 0,1022 
i,k: 0,1023 
i,j: 0,0 
j,k: 0,1023 
i,k: 0,0 
i,j: 0,1 
j,k: 1,0 
i,k: 0,1 
i,j: 0,1 
j,k: 1,1 
i,k: 0,2 
i,j: 0,1 
j,k: 1,2 
i,k: 0,3 
i,j: 0,1 
j,k: 1,3 
i,k: 0,4 
i,j: 0,1 
j,k: 1,4 
i,k: 0,5 
i,j: 0,1 
j,k: 1,5 
i,k: 0,6 
i,j: 0,1 
j,k: 1,6 
i,k: 0,7 
i,j: 0,1 
j,k: 1,7 
i,k: 0,8 
i,j: 0,1 
j,k: 1,8 
i,k: 0,9 
i,j: 0,1 
j,k: 1,9 
i,k: 0,10 
i,j: 0,1 
j,k: 1,10 
i,k: 0,11 
i,j: 0,1 
j,k: 1,11 
i,k: 0,12 
i,j: 0,1 
j,k: 1,12 
i,k: 0,13 
i,j: 0,1 
j,k: 1,13 
i,k: 0,14 
i,j: 0,1 
j,k: 1,14 
i,k: 0,15 
i,j: 0,1 
j,k: 1,15 
i,k: 0,16 
i,j: 0,1 
j,k: 1,16 
i,k: 0,17 
i,j: 0,1 
j,k: 1,17 
i,k: 0,18 
i,j: 0,1 
j,k: 1,18 
i,k: 0,19 
i,j: 0,1 
j,k: 1,19 
i,k: 0,20 
i,j: 0,1 
j,k: 1,20 
i,k: 0,21 
i,j: 0,1 
j,k: 1,21 
i,k: 0,22 
i,j: 0,1 
j,k: 1,22 
i,k: 0,23 
i,j: 0,1 
j,k: 1,23 
i,k: 0,24 
i,j: 0,1 
j,k: 1,24 
i,k: 0,25 
i,j: 0,1 
j,k: 1,25 
i,k: 0,26 
i,j: 0,1 
j,k: 1,26 
i,k: 0,27 
i,j: 0,1 
j,k: 1,27 
i,k: 0,28 
i,j: 0,1 
j,k: 1,28 
i,k: 0,29 
i,j: 0,1 
j,k: 1,29 
i,k: 0,30 
i,j: 0,1 
j,k: 1,30 
i,k: 0,31 
i,j: 0,1 
j,k: 1,31 
i,k: 0,32 
i,j: 0,1 
j,k: 1,32 
i,k: 0,33 
i,j: 0,1 
j,k: 1,33 
i,k: 0,34 
i,j: 0,1 
j,k: 1,34 
i,k: 0,35 
i,j: 0,1 
j,k: 1,35 
i,k: 0,36 
i,j: 0,1 
j,k: 1,36 
i,k: 0,37 
i,j: 0,1 
j,k: 1,37 
i,k: 0,38 
i,j: 0,1 
j,k: 1,38 
i,k: 0,39 
i,j: 0,1 
j,k: 1,39 
i,k: 0,40 
i,j: 0,1 
j,k: 1,40 
i,k: 0,41 
i,j: 0,1 
j,k: 1,41 
i,k: 0,42 
i,j: 0,1 
j,k: 1,42 
i,k: 0,43 
i,j: 0,1 
j,k: 1,43 
i,k: 0,44 
i,j: 0,1 
j,k: 1,44 
i,k: 0,45 
i,j: 0,1 
j,k: 1,45 
i,k: 0,46 
i,j: 0,1 
j,k: 1,46 
i,k: 0,47 
i,j: 0,1 
j,k: 1,47 
i,k: 0,48 
i,j: 0,1 
j,k: 1,48 
i,k: 0,49 
i,j: 0,1 
j,k: 1,49 
i,k: 0,50 
i,j: 0,1 
j,k: 1,50 
i,k: 0,51 
i,j: 0,1 
j,k: 1,51 
i,k: 0,52 
i,j: 0,1 
j,k: 1,52 
i,k: 0,53 
i,j: 0,1 
j,k: 1,53 
i,k: 0,54 
i,j: 0,1 
j,k: 1,54 
i,k: 0,55 
i,j: 0,1 
j,k: 1,55 
i,k: 0,56 
i,j: 0,1 
j,k: 1,56 
i,k: 0,57 
i,j: 0,1 
j,k: 1,57 
i,k: 0,58 
i,j: 0,1 
j,k: 1,58 
i,k: 0,59 
i,j: 0,1 
j,k: 1,59 
i,k: 0,60 
i,j: 0,1 
j,k: 1,60 
i,k: 0,61 
i,j: 0,1 
j,k: 1,61 
i,k: 0,62 
i,j: 0,1 
j,k: 1,62 
i,k: 0,63 
i,j: 0,1 
j,k: 1,63 
i,k: 0,64 
i,j: 0,1 
j,k: 1,64 
i,k: 0,65 
i,j: 0,1 
j,k: 1,65 
i,k: 0,66 
i,j: 0,1 
j,k: 1,66 
i,k: 0,67 
i,j: 0,1 
j,k: 1,67 
i,k: 0,68 
i,j: 0,1 
j,k: 1,68 
i,k: 0,69 
i,j: 0,1 
j,k: 1,69 
i,k: 0,70 
i,j: 0,1 
j,k: 1,70 
i,k: 0,71 
i,j: 0,1 
j,k: 1,71 
i,k: 0,72 
i,j: 0,1 
j,k: 1,72 
i,k: 0,73 
i,j: 0,1 
j,k: 1,73 
i,k: 0,74 
i,j: 0,1 
j,k: 1,74 
i,k: 0,75 
i,j: 0,1 
j,k: 1,75 
i,k: 0,76 
i,j: 0,1 
j,k: 1,76 
i,k: 0,77 
i,j: 0,1 
j,k: 1,77 
i,k: 0,78 
i,j: 0,1 
j,k: 1,78 
i,k: 0,79 
i,j: 0,1 
j,k: 1,79 
i,k: 0,80 
i,j: 0,1 
j,k: 1,80 
i,k: 0,81 
i,j: 0,1 
j,k: 1,81 
i,k: 0,82 
i,j: 0,1 
j,k: 1,82 
i,k: 0,83 
i,j: 0,1 
j,k: 1,83 
i,k: 0,84 
i,j: 0,1 
j,k: 1,84 
i,k: 0,85 
i,j: 0,1 
j,k: 1,85 
i,k: 0,86 
i,j: 0,1 
j,k: 1,86 
i,k: 0,87 
i,j: 0,1 
j,k: 1,87 
i,k: 0,88 
i,j: 0,1 
j,k: 1,88 
i,k: 0,89 
i,j: 0,1 
j,k: 1,89 
i,k: 0,90 
i,j: 0,1 
j,k: 1,90 
i,k: 0,91 
i,j: 0,1 
j,k: 1,91 
i,k: 0,92 
i,j: 0,1 
j,k: 1,92 
i,k: 0,93 
i,j: 0,1 
j,k: 1,93 
i,k: 0,94 
i,j: 0,1 
j,k: 1,94 
i,k: 0,95 
i,j: 0,1 
j,k: 1,95 
i,k: 0,96 
i,j: 0,1 
j,k: 1,96 
i,k: 0,97 
i,j: 0,1 
j,k: 1,97 
i,k: 0,98 
i,j: 0,1 
j,k: 1,98 
i,k: 0,99 
i,j: 0,1 
j,k: 1,99 
i,k: 0,100 
i,j: 0,1 
j,k: 1,100 
i,k: 0,101 
i,j: 0,1 
j,k: 1,101 
i,k: 0,102 
i,j: 0,1 
j,k: 1,102 
i,k: 0,103 
i,j: 0,1 
j,k: 1,103 
i,k: 0,104 
i,j: 0,1 
j,k: 1,104 
i,k: 0,105 
i,j: 0,1 
j,k: 1,105 
i,k: 0,106 
i,j: 0,1 
j,k: 1,106 
i,k: 0,107 
i,j: 0,1 
j,k: 1,107 
i,k: 0,108 
i,j: 0,1 
j,k: 1,108 
i,k: 0,109 
i,j: 0,1 
j,k: 1,109 
i,k: 0,110 
i,j: 0,1 
j,k: 1,110 
i,k: 0,111 
i,j: 0,1 
j,k: 1,111 
i,k: 0,112 
i,j: 0,1 
j,k: 1,112 
i,k: 0,113 
i,j: 0,1 
j,k: 1,113 
i,k: 0,114 
i,j: 0,1 
j,k: 1,114 
i,k: 0,115 
i,j: 0,1 
j,k: 1,115 
i,k: 0,116 
i,j: 0,1 
j,k: 1,116 
i,k: 0,117 
i,j: 0,1 
j,k: 1,117 
i,k: 0,118 
i,j: 0,1 
j,k: 1,118 
i,k: 0,119 
i,j: 0,1 
j,k: 1,119 
i,k: 0,120 
i,j: 0,1 
j,k: 1,120 
i,k: 0,121 
i,j: 0,1 
j,k: 1,121 
i,k: 0,122 
i,j: 0,1 
j,k: 1,122 
i,k: 0,123 
i,j: 0,1 
j,k: 1,123 
i,k: 0,124 
i,j: 0,1 
j,k: 1,124 
i,k: 0,125 
i,j: 0,1 
j,k: 1,125 
i,k: 0,126 
i,j: 0,1 
j,k: 1,126 
i,k: 0,127 
i,j: 0,1 
j,k: 1,127 
i,k: 0,128 
i,j: 0,1 
j,k: 1,128 
i,k: 0,129 
i,j: 0,1 
j,k: 1,129 
i,k: 0,130 
i,j: 0,1 
j,k: 1,130 
i,k: 0,131 
i,j: 0,1 
j,k: 1,131 
i,k: 0,132 
i,j: 0,1 
j,k: 1,132 
i,k: 0,133 
i,j: 0,1 
j,k: 1,133 
i,k: 0,134 
i,j: 0,1 
j,k: 1,134 
i,k: 0,135 
i,j: 0,1 
j,k: 1,135 
i,k: 0,136 
i,j: 0,1 
j,k: 1,136 
i,k: 0,137 
i,j: 0,1 
j,k: 1,137 
i,k: 0,138 
i,j: 0,1 
j,k: 1,138 
i,k: 0,139 
i,j: 0,1 
j,k: 1,139 
i,k: 0,140 
i,j: 0,1 
j,k: 1,140 
i,k: 0,141 
i,j: 0,1 
j,k: 1,141 
i,k: 0,142 
i,j: 0,1 
j,k: 1,142 
i,k: 0,143 
i,j: 0,1 
j,k: 1,143 
i,k: 0,144 
i,j: 0,1 
j,k: 1,144 
i,k: 0,145 
i,j: 0,1 
j,k: 1,145 
i,k: 0,146 
i,j: 0,1 
j,k: 1,146 
i,k: 0,147 
i,j: 0,1 
j,k: 1,147 
i,k: 0,148 
i,j: 0,1 
j,k: 1,148 
i,k: 0,149 
i,j: 0,1 
j,k: 1,149 
i,k: 0,150 
i,j: 0,1 
j,k: 1,150 
i,k: 0,151 
i,j: 0,1 
j,k: 1,151 
i,k: 0,152 
i,j: 0,1 
j,k: 1,152 
i,k: 0,153 
i,j: 0,1 
j,k: 1,153 
i,k: 0,154 
i,j: 0,1 
j,k: 1,154 
i,k: 0,155 
i,j: 0,1 
j,k: 1,155 
i,k: 0,156 
i,j: 0,1 
j,k: 1,156 
i,k: 0,157 
i,j: 0,1 
j,k: 1,157 
i,k: 0,158 
i,j: 0,1 
j,k: 1,158 
i,k: 0,159 
i,j: 0,1 
j,k: 1,159 
i,k: 0,160 
i,j: 0,1 
j,k: 1,160 
i,k: 0,161 
i,j: 0,1 
j,k: 1,161 
i,k: 0,162 
i,j: 0,1 
j,k: 1,162 
i,k: 0,163 
i,j: 0,1 
j,k: 1,163 
i,k: 0,164 
i,j: 0,1 
j,k: 1,164 
i,k: 0,165 
i,j: 0,1 
j,k: 1,165 
i,k: 0,166 
i,j: 0,1 
j,k: 1,166 
i,k: 0,167 
i,j: 0,1 
j,k: 1,167 
i,k: 0,168 
i,j: 0,1 
j,k: 1,168 
i,k: 0,169 
i,j: 0,1 
j,k: 1,169 
i,k: 0,170 
i,j: 0,1 
j,k: 1,170 
i,k: 0,171 
i,j: 0,1 
j,k: 1,171 
i,k: 0,172 
i,j: 0,1 
j,k: 1,172 
i,k: 0,173 
i,j: 0,1 
j,k: 1,173 
i,k: 0,174 
i,j: 0,1 
j,k: 1,174 
i,k: 0,175 
i,j: 0,1 
j,k: 1,175 
i,k: 0,176 
i,j: 0,1 
j,k: 1,176 
i,k: 0,177 
i,j: 0,1 
j,k: 1,177 
i,k: 0,178 
i,j: 0,1 
j,k: 1,178 
i,k: 0,179 
i,j: 0,1 
j,k: 1,179 
i,k: 0,180 
i,j: 0,1 
j,k: 1,180 
i,k: 0,181 
i,j: 0,1 
j,k: 1,181 
i,k: 0,182 
i,j: 0,1 
j,k: 1,182 
i,k: 0,183 
i,j: 0,1 
j,k: 1,183 
i,k: 0,184 
i,j: 0,1 
j,k: 1,184 
i,k: 0,185 
i,j: 0,1 
j,k: 1,185 
i,k: 0,186 
i,j: 0,1 
j,k: 1,186 
i,k: 0,187 
i,j: 0,1 
j,k: 1,187 
i,k: 0,188 
i,j: 0,1 
j,k: 1,188 
i,k: 0,189 
i,j: 0,1 
j,k: 1,189 
i,k: 0,190 
i,j: 0,1 
j,k: 1,190 
i,k: 0,191 
i,j: 0,1 
j,k: 1,191 
i,k: 0,192 
i,j: 0,1 
j,k: 1,192 
i,k: 0,193 
i,j: 0,1 
j,k: 1,193 
i,k: 0,194 
i,j: 0,1 
j,k: 1,194 
i,k: 0,195 
i,j: 0,1 
j,k: 1,195 
i,k: 0,196 
i,j: 0,1 
j,k: 1,196 
i,k: 0,197 
i,j: 0,1 
j,k: 1,197 
i,k: 0,198 
i,j: 0,1 
j,k: 1,198 
i,k: 0,199 
i,j: 0,1 
j,k: 1,199 
i,k: 0,200 
i,j: 0,1 
j,k: 1,200 
i,k: 0,201 
i,j: 0,1 
j,k: 1,201 
i,k: 0,202 
i,j: 0,1 
j,k: 1,202 
i,k: 0,203 
i,j: 0,1 
j,k: 1,203 
i,k: 0,204 
i,j: 0,1 
j,k: 1,204 
i,k: 0,205 
i,j: 0,1 
j,k: 1,205 
i,k: 0,206 
i,j: 0,1 
j,k: 1,206 
i,k: 0,207 
i,j: 0,1 
j,k: 1,207 
i,k: 0,208 
i,j: 0,1 
j,k: 1,208 
i,k: 0,209 
i,j: 0,1 
j,k: 1,209 
i,k: 0,210 
i,j: 0,1 
j,k: 1,210 
i,k: 0,211 
i,j: 0,1 
j,k: 1,211 
i,k: 0,212 
i,j: 0,1 
j,k: 1,212 
i,k: 0,213 
i,j: 0,1 
j,k: 1,213 
i,k: 0,214 
i,j: 0,1 
j,k: 1,214 
i,k: 0,215 
i,j: 0,1 
j,k: 1,215 
i,k: 0,216 
i,j: 0,1 
j,k: 1,216 
i,k: 0,217 
i,j: 0,1 
j,k: 1,217 
i,k: 0,218 
i,j: 0,1 
j,k: 1,218 
i,k: 0,219 
i,j: 0,1 
j,k: 1,219 
i,k: 0,220 
i,j: 0,1 
j,k: 1,220 
i,k: 0,221 
i,j: 0,1 
j,k: 1,221 
i,k: 0,222 
i,j: 0,1 
j,k: 1,222 
i,k: 0,223 
i,j: 0,1 
j,k: 1,223 
i,k: 0,224 
i,j: 0,1 
j,k: 1,224 
i,k: 0,225 
i,j: 0,1 
j,k: 1,225 
i,k: 0,226 
i,j: 0,1 
j,k: 1,226 
i,k: 0,227 
i,j: 0,1 
j,k: 1,227 
i,k: 0,228 
i,j: 0,1 
j,k: 1,228 
i,k: 0,229 
i,j: 0,1 
j,k: 1,229 
i,k: 0,230 
i,j: 0,1 
j,k: 1,230 
i,k: 0,231 
i,j: 0,1 
j,k: 1,231 
i,k: 0,232 
i,j: 0,1 
j,k: 1,232 
i,k: 0,233 
i,j: 0,1 
j,k: 1,233 
i,k: 0,234 
i,j: 0,1 
j,k: 1,234 
i,k: 0,235 
i,j: 0,1 
j,k: 1,235 
i,k: 0,236 
i,j: 0,1 
j,k: 1,236 
i,k: 0,237 
i,j: 0,1 
j,k: 1,237 
i,k: 0,238 
i,j: 0,1 
j,k: 1,238 
i,k: 0,239 
i,j: 0,1 
j,k: 1,239 
i,k: 0,240 
i,j: 0,1 
j,k: 1,240 
i,k: 0,241 
i,j: 0,1 
j,k: 1,241 
i,k: 0,242 
i,j: 0,1 
j,k: 1,242 
i,k: 0,243 
i,j: 0,1 
j,k: 1,243 
i,k: 0,244 
i,j: 0,1 
j,k: 1,244 
i,k: 0,245 
i,j: 0,1 
j,k: 1,245 
i,k: 0,246 
i,j: 0,1 
j,k: 1,246 
i,k: 0,247 
i,j: 0,1 
j,k: 1,247 
i,k: 0,248 
i,j: 0,1 
j,k: 1,248 
i,k: 0,249 
i,j: 0,1 
j,k: 1,249 
i,k: 0,250 
i,j: 0,1 
j,k: 1,250 
i,k: 0,251 
i,j: 0,1 
j,k: 1,251 
i,k: 0,252 
i,j: 0,1 
j,k: 1,252 
i,k: 0,253 
i,j: 0,1 
j,k: 1,253 
i,k: 0,254 
i,j: 0,1 
j,k: 1,254 
i,k: 0,255 
i,j: 0,1 
j,k: 1,255 
i,k: 0,256 
i,j: 0,1 
j,k: 1,256 
i,k: 0,257 
i,j: 0,1 
j,k: 1,257 
i,k: 0,258 
i,j: 0,1 
j,k: 1,258 
i,k: 0,259 
i,j: 0,1 
j,k: 1,259 
i,k: 0,260 
i,j: 0,1 
j,k: 1,260 
i,k: 0,261 
i,j: 0,1 
j,k: 1,261 
i,k: 0,262 
i,j: 0,1 
j,k: 1,262 
i,k: 0,263 
i,j: 0,1 
j,k: 1,263 
i,k: 0,264 
i,j: 0,1 
j,k: 1,264 
i,k: 0,265 
i,j: 0,1 
j,k: 1,265 
i,k: 0,266 
i,j: 0,1 
j,k: 1,266 
i,k: 0,267 
i,j: 0,1 
j,k: 1,267 
i,k: 0,268 
i,j: 0,1 
j,k: 1,268 
i,k: 0,269 
i,j: 0,1 
j,k: 1,269 
i,k: 0,270 
i,j: 0,1 
j,k: 1,270 
i,k: 0,271 
i,j: 0,1 
j,k: 1,271 
i,k: 0,272 
i,j: 0,1 
j,k: 1,272 
i,k: 0,273 
i,j: 0,1 
j,k: 1,273 
i,k: 0,274 
i,j: 0,1 
j,k: 1,274 
i,k: 0,275 
i,j: 0,1 
j,k: 1,275 
i,k: 0,276 
i,j: 0,1 
j,k: 1,276 
i,k: 0,277 
i,j: 0,1 
j,k: 1,277 
i,k: 0,278 
i,j: 0,1 
j,k: 1,278 
i,k: 0,279 
i,j: 0,1 
j,k: 1,279 
i,k: 0,280 
i,j: 0,1 
j,k: 1,280 
i,k: 0,281 
i,j: 0,1 
j,k: 1,281 
i,k: 0,282 
i,j: 0,1 
j,k: 1,282 
i,k: 0,283 
i,j: 0,1 
j,k: 1,283 
i,k: 0,284 
i,j: 0,1 
j,k: 1,284 
i,k: 0,285 
i,j: 0,1 
j,k: 1,285 
i,k: 0,286 
i,j: 0,1 
j,k: 1,286 
i,k: 0,287 
i,j: 0,1 
j,k: 1,287 
i,k: 0,288 
i,j: 0,1 
j,k: 1,288 
i,k: 0,289 
i,j: 0,1 
j,k: 1,289 
i,k: 0,290 
i,j: 0,1 
j,k: 1,290 
i,k: 0,291 
i,j: 0,1 
j,k: 1,291 
i,k: 0,292 
i,j: 0,1 
j,k: 1,292 
i,k: 0,293 
i,j: 0,1 
j,k: 1,293 
i,k: 0,294 
i,j: 0,1 
j,k: 1,294 
i,k: 0,295 
i,j: 0,1 
j,k: 1,295 
i,k: 0,296 
i,j: 0,1 
j,k: 1,296 
i,k: 0,297 
i,j: 0,1 
j,k: 1,297 
i,k: 0,298 
i,j: 0,1 
j,k: 1,298 
i,k: 0,299 
i,j: 0,1 
j,k: 1,299 
i,k: 0,300 
i,j: 0,1 
j,k: 1,300 
i,k: 0,301 
i,j: 0,1 
j,k: 1,301 
i,k: 0,302 
i,j: 0,1 
j,k: 1,302 
i,k: 0,303 
i,j: 0,1 
j,k: 1,303 
i,k: 0,304 
i,j: 0,1 
j,k: 1,304 
i,k: 0,305 
i,j: 0,1 
j,k: 1,305 
i,k: 0,306 
i,j: 0,1 
j,k: 1,306 
i,k: 0,307 
i,j: 0,1 
j,k: 1,307 
i,k: 0,308 
i,j: 0,1 
j,k: 1,308 
i,k: 0,309 
i,j: 0,1 
j,k: 1,309 
i,k: 0,